2024-05-22T06:57:10.231+03:00  INFO 13844 --- [ServiceRegis] [main] c.e.S.ServiceRegisApplication            : Starting ServiceRegisApplication using Java 17.0.11 with PID 13844 (C:\Users\Bashoofak\Desktop\final1\ServiceRegis\target\classes started by Bashoofak in C:\Users\Bashoofak\Desktop\final1)
2024-05-22T06:57:10.239+03:00  INFO 13844 --- [ServiceRegis] [main] c.e.S.ServiceRegisApplication            : No active profile set, falling back to 1 default profile: "default"
2024-05-22T06:57:12.982+03:00  INFO 13844 --- [ServiceRegis] [main] o.s.cloud.context.scope.GenericScope     : BeanFactory id=afc9bdaf-7ff5-341e-938b-1e2ecb5e679f
2024-05-22T06:57:13.057+03:00  WARN 13844 --- [ServiceRegis] [main] trationDelegate$BeanPostProcessorChecker : Bean 'org.springframework.cloud.client.loadbalancer.LoadBalancerAutoConfiguration$DeferringLoadBalancerInterceptorConfig' of type [org.springframework.cloud.client.loadbalancer.LoadBalancerAutoConfiguration$DeferringLoadBalancerInterceptorConfig] is not eligible for getting processed by all BeanPostProcessors (for example: not eligible for auto-proxying). The currently created BeanPostProcessor [lbRestClientPostProcessor] is declared through a non-static factory method on that class; consider declaring it as static instead.
2024-05-22T06:57:13.064+03:00  WARN 13844 --- [ServiceRegis] [main] trationDelegate$BeanPostProcessorChecker : Bean 'deferringLoadBalancerInterceptor' of type [org.springframework.cloud.client.loadbalancer.DeferringLoadBalancerInterceptor] is not eligible for getting processed by all BeanPostProcessors (for example: not eligible for auto-proxying). Is this bean getting eagerly injected into a currently created BeanPostProcessor [lbRestClientPostProcessor]? Check the corresponding BeanPostProcessor declaration and its dependencies.
2024-05-22T06:57:13.441+03:00  INFO 13844 --- [ServiceRegis] [main] o.s.b.w.embedded.tomcat.TomcatWebServer  : Tomcat initialized with port 8761 (http)
2024-05-22T06:57:13.465+03:00  INFO 13844 --- [ServiceRegis] [main] o.apache.catalina.core.StandardService   : Starting service [Tomcat]
2024-05-22T06:57:13.466+03:00  INFO 13844 --- [ServiceRegis] [main] o.apache.catalina.core.StandardEngine    : Starting Servlet engine: [Apache Tomcat/10.1.20]
2024-05-22T06:57:13.623+03:00  INFO 13844 --- [ServiceRegis] [main] o.a.c.c.C.[Tomcat].[localhost].[/]       : Initializing Spring embedded WebApplicationContext
2024-05-22T06:57:13.625+03:00  INFO 13844 --- [ServiceRegis] [main] w.s.c.ServletWebServerApplicationContext : Root WebApplicationContext: initialization completed in 3291 ms
2024-05-22T06:57:15.496+03:00  INFO 13844 --- [ServiceRegis] [main] c.n.d.provider.DiscoveryJerseyProvider   : Using JSON encoding codec LegacyJacksonJson
2024-05-22T06:57:15.499+03:00  INFO 13844 --- [ServiceRegis] [main] c.n.d.provider.DiscoveryJerseyProvider   : Using JSON decoding codec LegacyJacksonJson
2024-05-22T06:57:15.754+03:00  INFO 13844 --- [ServiceRegis] [main] c.n.d.provider.DiscoveryJerseyProvider   : Using XML encoding codec XStreamXml
2024-05-22T06:57:15.754+03:00  INFO 13844 --- [ServiceRegis] [main] c.n.d.provider.DiscoveryJerseyProvider   : Using XML decoding codec XStreamXml
2024-05-22T06:57:17.591+03:00  WARN 13844 --- [ServiceRegis] [main] iguration$LoadBalancerCaffeineWarnLogger : Spring Cloud LoadBalancer is currently working with the default cache. While this cache implementation is useful for development and tests, it's recommended to use Caffeine cache in production.You can switch to using Caffeine cache, by adding it and org.springframework.cache.caffeine.CaffeineCacheManager to the classpath.
2024-05-22T06:57:17.627+03:00  INFO 13844 --- [ServiceRegis] [main] o.s.c.n.eureka.InstanceInfoFactory       : Setting initial instance status as: STARTING
2024-05-22T06:57:17.694+03:00  INFO 13844 --- [ServiceRegis] [main] com.netflix.discovery.DiscoveryClient    : Initializing Eureka in region us-east-1
2024-05-22T06:57:17.695+03:00  INFO 13844 --- [ServiceRegis] [main] com.netflix.discovery.DiscoveryClient    : Client configured to neither register nor query for data.
2024-05-22T06:57:17.709+03:00  INFO 13844 --- [ServiceRegis] [main] com.netflix.discovery.DiscoveryClient    : Discovery Client initialized at timestamp 1716350237708 with initial instances count: 0
2024-05-22T06:57:17.778+03:00  INFO 13844 --- [ServiceRegis] [main] c.n.eureka.DefaultEurekaServerContext    : Initializing ...
2024-05-22T06:57:17.783+03:00  WARN 13844 --- [ServiceRegis] [main] c.n.eureka.cluster.PeerEurekaNodes       : The replica size seems to be empty. Check the route 53 DNS Registry
2024-05-22T06:57:17.815+03:00  INFO 13844 --- [ServiceRegis] [main] c.n.e.registry.AbstractInstanceRegistry  : Finished initializing remote region registries. All known remote regions: []
2024-05-22T06:57:17.818+03:00  INFO 13844 --- [ServiceRegis] [main] c.n.eureka.DefaultEurekaServerContext    : Initialized
2024-05-22T06:57:17.835+03:00  INFO 13844 --- [ServiceRegis] [main] o.s.b.a.e.web.EndpointLinksResolver      : Exposing 1 endpoint(s) beneath base path '/actuator'
2024-05-22T06:57:17.986+03:00  INFO 13844 --- [ServiceRegis] [main] o.s.c.n.e.s.EurekaServiceRegistry        : Registering application SERVICEREGIS with eureka with status UP
2024-05-22T06:57:18.007+03:00  INFO 13844 --- [ServiceRegis] [Thread-9] o.s.c.n.e.server.EurekaServerBootstrap   : isAws returned false
2024-05-22T06:57:18.009+03:00  INFO 13844 --- [ServiceRegis] [Thread-9] o.s.c.n.e.server.EurekaServerBootstrap   : Initialized server context
2024-05-22T06:57:18.010+03:00  INFO 13844 --- [ServiceRegis] [Thread-9] c.n.e.r.PeerAwareInstanceRegistryImpl    : Got 1 instances from neighboring DS node
2024-05-22T06:57:18.010+03:00  INFO 13844 --- [ServiceRegis] [Thread-9] c.n.e.r.PeerAwareInstanceRegistryImpl    : Renew threshold is: 1
2024-05-22T06:57:18.011+03:00  INFO 13844 --- [ServiceRegis] [Thread-9] c.n.e.r.PeerAwareInstanceRegistryImpl    : Changing status to UP
2024-05-22T06:57:18.025+03:00  INFO 13844 --- [ServiceRegis] [Thread-9] e.s.EurekaServerInitializerConfiguration : Started Eureka Server
2024-05-22T06:57:18.329+03:00  INFO 13844 --- [ServiceRegis] [main] o.s.b.w.embedded.tomcat.TomcatWebServer  : Tomcat started on port 8761 (http) with context path ''
2024-05-22T06:57:18.331+03:00  INFO 13844 --- [ServiceRegis] [main] .s.c.n.e.s.EurekaAutoServiceRegistration : Updating port to 8761
2024-05-22T06:57:18.517+03:00  INFO 13844 --- [ServiceRegis] [main] c.e.S.ServiceRegisApplication            : Started ServiceRegisApplication in 9.255 seconds (process running for 10.085)
2024-05-22T06:57:19.000+03:00  INFO 13844 --- [ServiceRegis] [RMI TCP Connection(2)-127.0.0.1] o.a.c.c.C.[Tomcat].[localhost].[/]       : Initializing Spring DispatcherServlet 'dispatcherServlet'
2024-05-22T06:57:19.001+03:00  INFO 13844 --- [ServiceRegis] [RMI TCP Connection(2)-127.0.0.1] o.s.web.servlet.DispatcherServlet        : Initializing Servlet 'dispatcherServlet'
2024-05-22T06:57:19.003+03:00  INFO 13844 --- [ServiceRegis] [RMI TCP Connection(2)-127.0.0.1] o.s.web.servlet.DispatcherServlet        : Completed initialization in 1 ms
2024-05-22T06:58:18.013+03:00  INFO 13844 --- [ServiceRegis] [Eureka-EvictionTimer] c.n.e.registry.AbstractInstanceRegistry  : Running the evict task with compensationTime 0ms
2024-05-22T06:59:18.013+03:00  INFO 13844 --- [ServiceRegis] [Eureka-EvictionTimer] c.n.e.registry.AbstractInstanceRegistry  : Running the evict task with compensationTime 0ms
2024-05-22T07:00:18.013+03:00  INFO 13844 --- [ServiceRegis] [Eureka-EvictionTimer] c.n.e.registry.AbstractInstanceRegistry  : Running the evict task with compensationTime 0ms
2024-05-22T07:01:06.476+03:00  INFO 13844 --- [ServiceRegis] [http-nio-8761-exec-2] c.n.e.registry.AbstractInstanceRegistry  : Registered instance LIKCOMMENTCONFIG/host.docker.internal:likcommentconfig:8085 with status UP (replication=false)
2024-05-22T07:01:18.013+03:00  INFO 13844 --- [ServiceRegis] [Eureka-EvictionTimer] c.n.e.registry.AbstractInstanceRegistry  : Running the evict task with compensationTime 0ms
2024-05-22T07:01:36.992+03:00  INFO 12812 --- [postServiceconfig] [main] c.e.P.PostServiceeApplication            : Starting PostServiceeApplication using Java 17.0.11 with PID 12812 (C:\Users\Bashoofak\Desktop\final1\PostServicee\target\classes started by Bashoofak in C:\Users\Bashoofak\Desktop\final1)
2024-05-22T07:01:36.998+03:00  INFO 12812 --- [postServiceconfig] [main] c.e.P.PostServiceeApplication            : No active profile set, falling back to 1 default profile: "default"
2024-05-22T07:01:38.800+03:00  INFO 12812 --- [postServiceconfig] [main] .s.d.r.c.RepositoryConfigurationDelegate : Bootstrapping Spring Data JPA repositories in DEFAULT mode.
2024-05-22T07:01:39.017+03:00  INFO 12812 --- [postServiceconfig] [main] .s.d.r.c.RepositoryConfigurationDelegate : Finished Spring Data repository scanning in 197 ms. Found 1 JPA repository interface.
2024-05-22T07:01:40.361+03:00  INFO 12812 --- [postServiceconfig] [main] o.s.cloud.context.scope.GenericScope     : BeanFactory id=da2a728d-e292-3fdb-8421-b54e82e118ea
2024-05-22T07:01:40.881+03:00  WARN 12812 --- [postServiceconfig] [main] trationDelegate$BeanPostProcessorChecker : Bean 'org.springframework.cloud.client.loadbalancer.LoadBalancerAutoConfiguration$DeferringLoadBalancerInterceptorConfig' of type [org.springframework.cloud.client.loadbalancer.LoadBalancerAutoConfiguration$DeferringLoadBalancerInterceptorConfig] is not eligible for getting processed by all BeanPostProcessors (for example: not eligible for auto-proxying). The currently created BeanPostProcessor [lbRestClientPostProcessor] is declared through a non-static factory method on that class; consider declaring it as static instead.
2024-05-22T07:01:40.889+03:00  WARN 12812 --- [postServiceconfig] [main] trationDelegate$BeanPostProcessorChecker : Bean 'deferringLoadBalancerInterceptor' of type [org.springframework.cloud.client.loadbalancer.DeferringLoadBalancerInterceptor] is not eligible for getting processed by all BeanPostProcessors (for example: not eligible for auto-proxying). Is this bean getting eagerly injected into a currently created BeanPostProcessor [lbRestClientPostProcessor]? Check the corresponding BeanPostProcessor declaration and its dependencies.
2024-05-22T07:01:41.310+03:00  INFO 12812 --- [postServiceconfig] [main] o.s.b.w.embedded.tomcat.TomcatWebServer  : Tomcat initialized with port 8082 (http)
2024-05-22T07:01:41.332+03:00  INFO 12812 --- [postServiceconfig] [main] o.apache.catalina.core.StandardService   : Starting service [Tomcat]
2024-05-22T07:01:41.332+03:00  INFO 12812 --- [postServiceconfig] [main] o.apache.catalina.core.StandardEngine    : Starting Servlet engine: [Apache Tomcat/10.1.20]
2024-05-22T07:01:41.713+03:00  INFO 12812 --- [postServiceconfig] [main] o.a.c.c.C.[Tomcat].[localhost].[/]       : Initializing Spring embedded WebApplicationContext
2024-05-22T07:01:41.714+03:00  INFO 12812 --- [postServiceconfig] [main] w.s.c.ServletWebServerApplicationContext : Root WebApplicationContext: initialization completed in 4628 ms
2024-05-22T07:01:42.268+03:00  INFO 12812 --- [postServiceconfig] [main] o.hibernate.jpa.internal.util.LogHelper  : HHH000204: Processing PersistenceUnitInfo [name: default]
2024-05-22T07:01:42.371+03:00  INFO 12812 --- [postServiceconfig] [main] org.hibernate.Version                    : HHH000412: Hibernate ORM core version 6.4.4.Final
2024-05-22T07:01:42.442+03:00  INFO 12812 --- [postServiceconfig] [main] o.h.c.internal.RegionFactoryInitiator    : HHH000026: Second-level cache disabled
2024-05-22T07:01:42.814+03:00  INFO 12812 --- [postServiceconfig] [main] o.s.o.j.p.SpringPersistenceUnitInfo      : No LoadTimeWeaver setup: ignoring JPA class transformer
2024-05-22T07:01:42.865+03:00  INFO 12812 --- [postServiceconfig] [main] com.zaxxer.hikari.HikariDataSource       : HikariPool-1 - Starting...
2024-05-22T07:01:43.512+03:00  INFO 12812 --- [postServiceconfig] [main] com.zaxxer.hikari.pool.HikariPool        : HikariPool-1 - Added connection com.mysql.cj.jdbc.ConnectionImpl@4c0930c4
2024-05-22T07:01:43.515+03:00  INFO 12812 --- [postServiceconfig] [main] com.zaxxer.hikari.HikariDataSource       : HikariPool-1 - Start completed.
2024-05-22T07:01:43.606+03:00  WARN 12812 --- [postServiceconfig] [main] org.hibernate.dialect.Dialect            : HHH000511: The 5.5.0 version for [org.hibernate.dialect.MySQLDialect] is no longer supported, hence certain features may not work properly. The minimum supported version is 8.0.0. Check the community dialects project for available legacy versions.
2024-05-22T07:01:44.958+03:00  INFO 12812 --- [postServiceconfig] [main] o.h.e.t.j.p.i.JtaPlatformInitiator       : HHH000489: No JTA platform available (set 'hibernate.transaction.jta.platform' to enable JTA platform integration)
2024-05-22T07:01:45.073+03:00  INFO 12812 --- [postServiceconfig] [main] j.LocalContainerEntityManagerFactoryBean : Initialized JPA EntityManagerFactory for persistence unit 'default'
2024-05-22T07:01:45.835+03:00  WARN 12812 --- [postServiceconfig] [main] JpaBaseConfiguration$JpaWebConfiguration : spring.jpa.open-in-view is enabled by default. Therefore, database queries may be performed during view rendering. Explicitly configure spring.jpa.open-in-view to disable this warning
2024-05-22T07:01:46.403+03:00  INFO 12812 --- [postServiceconfig] [main] o.s.c.openfeign.FeignClientFactoryBean   : For 'LIKCOMMENTCONFIG' URL not provided. Will try picking an instance via load-balancing.
2024-05-22T07:01:48.059+03:00  INFO 12812 --- [postServiceconfig] [RMI TCP Connection(2)-127.0.0.1] o.a.c.c.C.[Tomcat].[localhost].[/]       : Initializing Spring DispatcherServlet 'dispatcherServlet'
2024-05-22T07:01:48.061+03:00  INFO 12812 --- [postServiceconfig] [RMI TCP Connection(2)-127.0.0.1] o.s.web.servlet.DispatcherServlet        : Initializing Servlet 'dispatcherServlet'
2024-05-22T07:01:48.175+03:00  INFO 12812 --- [postServiceconfig] [RMI TCP Connection(2)-127.0.0.1] o.s.b.a.e.web.EndpointLinksResolver      : Exposing 1 endpoint(s) beneath base path '/actuator'
2024-05-22T07:01:48.202+03:00  INFO 12812 --- [postServiceconfig] [RMI TCP Connection(2)-127.0.0.1] o.s.web.servlet.DispatcherServlet        : Completed initialization in 140 ms
2024-05-22T07:01:48.239+03:00  INFO 12812 --- [postServiceconfig] [main] DiscoveryClientOptionalArgsConfiguration : Eureka HTTP Client uses RestTemplate.
2024-05-22T07:01:48.371+03:00  WARN 12812 --- [postServiceconfig] [main] iguration$LoadBalancerCaffeineWarnLogger : Spring Cloud LoadBalancer is currently working with the default cache. While this cache implementation is useful for development and tests, it's recommended to use Caffeine cache in production.You can switch to using Caffeine cache, by adding it and org.springframework.cache.caffeine.CaffeineCacheManager to the classpath.
2024-05-22T07:01:48.580+03:00  INFO 12812 --- [postServiceconfig] [main] o.s.c.n.eureka.InstanceInfoFactory       : Setting initial instance status as: STARTING
2024-05-22T07:01:48.653+03:00  INFO 12812 --- [postServiceconfig] [main] com.netflix.discovery.DiscoveryClient    : Initializing Eureka in region us-east-1
2024-05-22T07:01:48.667+03:00  INFO 12812 --- [postServiceconfig] [main] c.n.d.s.r.aws.ConfigClusterResolver      : Resolving eureka endpoints via configuration
2024-05-22T07:01:48.777+03:00  INFO 12812 --- [postServiceconfig] [main] com.netflix.discovery.DiscoveryClient    : Disable delta property : false
2024-05-22T07:01:48.778+03:00  INFO 12812 --- [postServiceconfig] [main] com.netflix.discovery.DiscoveryClient    : Single vip registry refresh property : null
2024-05-22T07:01:48.779+03:00  INFO 12812 --- [postServiceconfig] [main] com.netflix.discovery.DiscoveryClient    : Force full registry fetch : false
2024-05-22T07:01:48.779+03:00  INFO 12812 --- [postServiceconfig] [main] com.netflix.discovery.DiscoveryClient    : Application is null : false
2024-05-22T07:01:48.779+03:00  INFO 12812 --- [postServiceconfig] [main] com.netflix.discovery.DiscoveryClient    : Registered Applications size is zero : true
2024-05-22T07:01:48.780+03:00  INFO 12812 --- [postServiceconfig] [main] com.netflix.discovery.DiscoveryClient    : Application version is -1: true
2024-05-22T07:01:48.780+03:00  INFO 12812 --- [postServiceconfig] [main] com.netflix.discovery.DiscoveryClient    : Getting all instance registry info from the eureka server
2024-05-22T07:01:49.391+03:00  INFO 12812 --- [postServiceconfig] [main] com.netflix.discovery.DiscoveryClient    : The response status is 200
2024-05-22T07:01:49.396+03:00  INFO 12812 --- [postServiceconfig] [main] com.netflix.discovery.DiscoveryClient    : Starting heartbeat executor: renew interval is: 30
2024-05-22T07:01:49.404+03:00  INFO 12812 --- [postServiceconfig] [main] c.n.discovery.InstanceInfoReplicator     : InstanceInfoReplicator onDemand update allowed rate per min is 4
2024-05-22T07:01:49.415+03:00  INFO 12812 --- [postServiceconfig] [main] com.netflix.discovery.DiscoveryClient    : Discovery Client initialized at timestamp 1716350509413 with initial instances count: 1
2024-05-22T07:01:49.427+03:00  INFO 12812 --- [postServiceconfig] [main] o.s.c.n.e.s.EurekaServiceRegistry        : Registering application POSTSERVICECONFIG with eureka with status UP
2024-05-22T07:01:49.432+03:00  INFO 12812 --- [postServiceconfig] [main] com.netflix.discovery.DiscoveryClient    : Saw local status change event StatusChangeEvent [timestamp=1716350509432, current=UP, previous=STARTING]
2024-05-22T07:01:49.438+03:00  INFO 12812 --- [postServiceconfig] [DiscoveryClient-InstanceInfoReplicator-0] com.netflix.discovery.DiscoveryClient    : DiscoveryClient_POSTSERVICECONFIG/host.docker.internal:postServiceconfig:8082: registering service...
2024-05-22T07:01:49.494+03:00  INFO 12812 --- [postServiceconfig] [main] o.s.b.w.embedded.tomcat.TomcatWebServer  : Tomcat started on port 8082 (http) with context path ''
2024-05-22T07:01:49.498+03:00  INFO 12812 --- [postServiceconfig] [main] .s.c.n.e.s.EurekaAutoServiceRegistration : Updating port to 8082
2024-05-22T07:01:49.508+03:00  INFO 13844 --- [ServiceRegis] [http-nio-8761-exec-6] c.n.e.registry.AbstractInstanceRegistry  : Registered instance POSTSERVICECONFIG/host.docker.internal:postServiceconfig:8082 with status UP (replication=false)
2024-05-22T07:01:49.512+03:00  INFO 12812 --- [postServiceconfig] [DiscoveryClient-InstanceInfoReplicator-0] com.netflix.discovery.DiscoveryClient    : DiscoveryClient_POSTSERVICECONFIG/host.docker.internal:postServiceconfig:8082 - registration status: 204
2024-05-22T07:01:49.805+03:00  INFO 12812 --- [postServiceconfig] [main] c.e.P.PostServiceeApplication            : Started PostServiceeApplication in 13.574 seconds (process running for 14.341)
2024-05-22T07:02:02.905+03:00  INFO 8680 --- [userserviceconfig] [restartedMain] c.e.UserService.UserServiceApplication   : Starting UserServiceApplication using Java 17.0.11 with PID 8680 (C:\Users\Bashoofak\Desktop\final1\UserService\target\classes started by Bashoofak in C:\Users\Bashoofak\Desktop\final1)
2024-05-22T07:02:02.909+03:00  INFO 8680 --- [userserviceconfig] [restartedMain] c.e.UserService.UserServiceApplication   : No active profile set, falling back to 1 default profile: "default"
2024-05-22T07:02:03.003+03:00  INFO 8680 --- [userserviceconfig] [restartedMain] .e.DevToolsPropertyDefaultsPostProcessor : Devtools property defaults active! Set 'spring.devtools.add-properties' to 'false' to disable
2024-05-22T07:02:03.004+03:00  INFO 8680 --- [userserviceconfig] [restartedMain] .e.DevToolsPropertyDefaultsPostProcessor : For additional web related logging consider setting the 'logging.level.web' property to 'DEBUG'
2024-05-22T07:02:05.659+03:00  INFO 8680 --- [userserviceconfig] [restartedMain] .s.d.r.c.RepositoryConfigurationDelegate : Bootstrapping Spring Data JPA repositories in DEFAULT mode.
2024-05-22T07:02:05.903+03:00  INFO 8680 --- [userserviceconfig] [restartedMain] .s.d.r.c.RepositoryConfigurationDelegate : Finished Spring Data repository scanning in 220 ms. Found 2 JPA repository interfaces.
2024-05-22T07:02:07.205+03:00  INFO 8680 --- [userserviceconfig] [restartedMain] o.s.cloud.context.scope.GenericScope     : BeanFactory id=ec9e37a5-711b-3cde-be8d-4ef6f2020667
2024-05-22T07:02:07.744+03:00  WARN 8680 --- [userserviceconfig] [restartedMain] trationDelegate$BeanPostProcessorChecker : Bean 'org.springframework.cloud.client.loadbalancer.LoadBalancerAutoConfiguration$DeferringLoadBalancerInterceptorConfig' of type [org.springframework.cloud.client.loadbalancer.LoadBalancerAutoConfiguration$DeferringLoadBalancerInterceptorConfig] is not eligible for getting processed by all BeanPostProcessors (for example: not eligible for auto-proxying). The currently created BeanPostProcessor [lbRestClientPostProcessor] is declared through a non-static factory method on that class; consider declaring it as static instead.
2024-05-22T07:02:07.752+03:00  WARN 8680 --- [userserviceconfig] [restartedMain] trationDelegate$BeanPostProcessorChecker : Bean 'deferringLoadBalancerInterceptor' of type [org.springframework.cloud.client.loadbalancer.DeferringLoadBalancerInterceptor] is not eligible for getting processed by all BeanPostProcessors (for example: not eligible for auto-proxying). Is this bean getting eagerly injected into a currently created BeanPostProcessor [lbRestClientPostProcessor]? Check the corresponding BeanPostProcessor declaration and its dependencies.
2024-05-22T07:02:09.005+03:00  INFO 8680 --- [userserviceconfig] [restartedMain] o.s.b.w.embedded.tomcat.TomcatWebServer  : Tomcat initialized with port 8080 (http)
2024-05-22T07:02:09.019+03:00  INFO 8680 --- [userserviceconfig] [restartedMain] o.apache.catalina.core.StandardService   : Starting service [Tomcat]
2024-05-22T07:02:09.020+03:00  INFO 8680 --- [userserviceconfig] [restartedMain] o.apache.catalina.core.StandardEngine    : Starting Servlet engine: [Apache Tomcat/10.1.20]
2024-05-22T07:02:09.566+03:00  INFO 8680 --- [userserviceconfig] [restartedMain] o.a.c.c.C.[Tomcat].[localhost].[/]       : Initializing Spring embedded WebApplicationContext
2024-05-22T07:02:09.568+03:00  INFO 8680 --- [userserviceconfig] [restartedMain] w.s.c.ServletWebServerApplicationContext : Root WebApplicationContext: initialization completed in 6562 ms
2024-05-22T07:02:10.153+03:00  INFO 8680 --- [userserviceconfig] [restartedMain] com.zaxxer.hikari.HikariDataSource       : HikariPool-1 - Starting...
2024-05-22T07:02:10.551+03:00  INFO 8680 --- [userserviceconfig] [restartedMain] com.zaxxer.hikari.pool.HikariPool        : HikariPool-1 - Added connection com.mysql.cj.jdbc.ConnectionImpl@2c714052
2024-05-22T07:02:10.558+03:00  INFO 8680 --- [userserviceconfig] [restartedMain] com.zaxxer.hikari.HikariDataSource       : HikariPool-1 - Start completed.
2024-05-22T07:02:10.579+03:00  INFO 8680 --- [userserviceconfig] [restartedMain] o.s.b.a.h2.H2ConsoleAutoConfiguration    : H2 console available at '/h2-console'. Database available at 'jdbc:mysql://localhost:3306/users'
2024-05-22T07:02:11.088+03:00  INFO 8680 --- [userserviceconfig] [restartedMain] o.hibernate.jpa.internal.util.LogHelper  : HHH000204: Processing PersistenceUnitInfo [name: default]
2024-05-22T07:02:11.230+03:00  INFO 8680 --- [userserviceconfig] [restartedMain] org.hibernate.Version                    : HHH000412: Hibernate ORM core version 6.4.4.Final
2024-05-22T07:02:11.324+03:00  INFO 8680 --- [userserviceconfig] [restartedMain] o.h.c.internal.RegionFactoryInitiator    : HHH000026: Second-level cache disabled
2024-05-22T07:02:12.013+03:00  INFO 8680 --- [userserviceconfig] [restartedMain] o.s.o.j.p.SpringPersistenceUnitInfo      : No LoadTimeWeaver setup: ignoring JPA class transformer
2024-05-22T07:02:12.202+03:00  WARN 8680 --- [userserviceconfig] [restartedMain] org.hibernate.dialect.Dialect            : HHH000511: The 5.5.0 version for [org.hibernate.dialect.MySQLDialect] is no longer supported, hence certain features may not work properly. The minimum supported version is 8.0.0. Check the community dialects project for available legacy versions.
2024-05-22T07:02:13.525+03:00  INFO 8680 --- [userserviceconfig] [restartedMain] o.h.e.t.j.p.i.JtaPlatformInitiator       : HHH000489: No JTA platform available (set 'hibernate.transaction.jta.platform' to enable JTA platform integration)
2024-05-22T07:02:13.759+03:00  INFO 8680 --- [userserviceconfig] [restartedMain] j.LocalContainerEntityManagerFactoryBean : Initialized JPA EntityManagerFactory for persistence unit 'default'
2024-05-22T07:02:14.711+03:00  WARN 8680 --- [userserviceconfig] [restartedMain] JpaBaseConfiguration$JpaWebConfiguration : spring.jpa.open-in-view is enabled by default. Therefore, database queries may be performed during view rendering. Explicitly configure spring.jpa.open-in-view to disable this warning
2024-05-22T07:02:15.154+03:00  WARN 8680 --- [userserviceconfig] [restartedMain] o.s.b.d.a.OptionalLiveReloadServer       : Unable to start LiveReload server
2024-05-22T07:02:15.507+03:00  INFO 8680 --- [userserviceconfig] [restartedMain] o.s.c.openfeign.FeignClientFactoryBean   : For 'POSTSERVICECONFIG' URL not provided. Will try picking an instance via load-balancing.
2024-05-22T07:02:16.831+03:00  INFO 8680 --- [userserviceconfig] [restartedMain] o.s.b.a.e.web.EndpointLinksResolver      : Exposing 1 endpoint(s) beneath base path '/actuator'
2024-05-22T07:02:17.001+03:00  INFO 8680 --- [userserviceconfig] [restartedMain] o.s.s.web.DefaultSecurityFilterChain     : Will secure any request with [org.springframework.security.web.session.DisableEncodeUrlFilter@534a49d6, org.springframework.security.web.context.request.async.WebAsyncManagerIntegrationFilter@56e94a3, org.springframework.security.web.context.SecurityContextHolderFilter@3616a56e, org.springframework.security.web.header.HeaderWriterFilter@c303b1d, org.springframework.security.web.authentication.logout.LogoutFilter@617923f4, org.springframework.security.web.savedrequest.RequestCacheAwareFilter@4cc2148d, org.springframework.security.web.servletapi.SecurityContextHolderAwareRequestFilter@1050bd16, org.springframework.security.web.authentication.AnonymousAuthenticationFilter@51c00b03, org.springframework.security.web.access.ExceptionTranslationFilter@5ef6bdad, org.springframework.security.web.access.intercept.AuthorizationFilter@523377f8]
2024-05-22T07:02:18.014+03:00  INFO 13844 --- [ServiceRegis] [Eureka-EvictionTimer] c.n.e.registry.AbstractInstanceRegistry  : Running the evict task with compensationTime 0ms
2024-05-22T07:02:18.254+03:00  INFO 8680 --- [userserviceconfig] [restartedMain] DiscoveryClientOptionalArgsConfiguration : Eureka HTTP Client uses RestTemplate.
2024-05-22T07:02:18.328+03:00  WARN 8680 --- [userserviceconfig] [restartedMain] iguration$LoadBalancerCaffeineWarnLogger : Spring Cloud LoadBalancer is currently working with the default cache. While this cache implementation is useful for development and tests, it's recommended to use Caffeine cache in production.You can switch to using Caffeine cache, by adding it and org.springframework.cache.caffeine.CaffeineCacheManager to the classpath.
2024-05-22T07:02:18.555+03:00  INFO 8680 --- [userserviceconfig] [restartedMain] o.s.c.n.eureka.InstanceInfoFactory       : Setting initial instance status as: STARTING
2024-05-22T07:02:18.632+03:00  INFO 8680 --- [userserviceconfig] [restartedMain] com.netflix.discovery.DiscoveryClient    : Initializing Eureka in region us-east-1
2024-05-22T07:02:18.641+03:00  INFO 8680 --- [userserviceconfig] [restartedMain] c.n.d.s.r.aws.ConfigClusterResolver      : Resolving eureka endpoints via configuration
2024-05-22T07:02:18.700+03:00  INFO 8680 --- [userserviceconfig] [restartedMain] com.netflix.discovery.DiscoveryClient    : Disable delta property : false
2024-05-22T07:02:18.701+03:00  INFO 8680 --- [userserviceconfig] [restartedMain] com.netflix.discovery.DiscoveryClient    : Single vip registry refresh property : null
2024-05-22T07:02:18.702+03:00  INFO 8680 --- [userserviceconfig] [restartedMain] com.netflix.discovery.DiscoveryClient    : Force full registry fetch : false
2024-05-22T07:02:18.703+03:00  INFO 8680 --- [userserviceconfig] [restartedMain] com.netflix.discovery.DiscoveryClient    : Application is null : false
2024-05-22T07:02:18.703+03:00  INFO 8680 --- [userserviceconfig] [restartedMain] com.netflix.discovery.DiscoveryClient    : Registered Applications size is zero : true
2024-05-22T07:02:18.704+03:00  INFO 8680 --- [userserviceconfig] [restartedMain] com.netflix.discovery.DiscoveryClient    : Application version is -1: true
2024-05-22T07:02:18.705+03:00  INFO 8680 --- [userserviceconfig] [restartedMain] com.netflix.discovery.DiscoveryClient    : Getting all instance registry info from the eureka server
2024-05-22T07:02:19.414+03:00  INFO 8680 --- [userserviceconfig] [restartedMain] com.netflix.discovery.DiscoveryClient    : The response status is 200
2024-05-22T07:02:19.430+03:00  INFO 8680 --- [userserviceconfig] [restartedMain] com.netflix.discovery.DiscoveryClient    : Starting heartbeat executor: renew interval is: 30
2024-05-22T07:02:19.447+03:00  INFO 8680 --- [userserviceconfig] [restartedMain] c.n.discovery.InstanceInfoReplicator     : InstanceInfoReplicator onDemand update allowed rate per min is 4
2024-05-22T07:02:19.469+03:00  INFO 8680 --- [userserviceconfig] [restartedMain] com.netflix.discovery.DiscoveryClient    : Discovery Client initialized at timestamp 1716350539465 with initial instances count: 2
2024-05-22T07:02:19.520+03:00  INFO 8680 --- [userserviceconfig] [restartedMain] o.s.c.n.e.s.EurekaServiceRegistry        : Registering application USERSERVICECONFIG with eureka with status UP
2024-05-22T07:02:19.523+03:00  INFO 8680 --- [userserviceconfig] [restartedMain] com.netflix.discovery.DiscoveryClient    : Saw local status change event StatusChangeEvent [timestamp=1716350539523, current=UP, previous=STARTING]
2024-05-22T07:02:19.534+03:00  INFO 8680 --- [userserviceconfig] [DiscoveryClient-InstanceInfoReplicator-0] com.netflix.discovery.DiscoveryClient    : DiscoveryClient_USERSERVICECONFIG/host.docker.internal:userserviceconfig: registering service...
2024-05-22T07:02:19.680+03:00  INFO 13844 --- [ServiceRegis] [http-nio-8761-exec-2] c.n.e.registry.AbstractInstanceRegistry  : Registered instance USERSERVICECONFIG/host.docker.internal:userserviceconfig with status UP (replication=false)
2024-05-22T07:02:19.685+03:00  INFO 8680 --- [userserviceconfig] [DiscoveryClient-InstanceInfoReplicator-0] com.netflix.discovery.DiscoveryClient    : DiscoveryClient_USERSERVICECONFIG/host.docker.internal:userserviceconfig - registration status: 204
2024-05-22T07:02:19.697+03:00  INFO 8680 --- [userserviceconfig] [restartedMain] o.s.b.w.embedded.tomcat.TomcatWebServer  : Tomcat started on port 8080 (http) with context path ''
2024-05-22T07:02:19.701+03:00  INFO 8680 --- [userserviceconfig] [restartedMain] .s.c.n.e.s.EurekaAutoServiceRegistration : Updating port to 8080
2024-05-22T07:02:20.056+03:00  INFO 8680 --- [userserviceconfig] [restartedMain] c.e.UserService.UserServiceApplication   : Started UserServiceApplication in 17.903 seconds (process running for 18.807)
2024-05-22T07:02:20.288+03:00  INFO 8680 --- [userserviceconfig] [RMI TCP Connection(2)-127.0.0.1] o.a.c.c.C.[Tomcat].[localhost].[/]       : Initializing Spring DispatcherServlet 'dispatcherServlet'
2024-05-22T07:02:20.289+03:00  INFO 8680 --- [userserviceconfig] [RMI TCP Connection(2)-127.0.0.1] o.s.web.servlet.DispatcherServlet        : Initializing Servlet 'dispatcherServlet'
2024-05-22T07:02:20.294+03:00  INFO 8680 --- [userserviceconfig] [RMI TCP Connection(2)-127.0.0.1] o.s.web.servlet.DispatcherServlet        : Completed initialization in 3 ms
2024-05-22T07:03:18.014+03:00  INFO 13844 --- [ServiceRegis] [Eureka-EvictionTimer] c.n.e.registry.AbstractInstanceRegistry  : Running the evict task with compensationTime 0ms
2024-05-22T07:04:18.018+03:00  INFO 13844 --- [ServiceRegis] [Eureka-EvictionTimer] c.n.e.registry.AbstractInstanceRegistry  : Running the evict task with compensationTime 4ms
2024-05-22T07:04:52.064+03:00  INFO 13844 --- [ServiceRegis] [http-nio-8761-exec-3] c.n.e.registry.AbstractInstanceRegistry  : Registered instance GATEWAY/host.docker.internal:Gateway:8765 with status UP (replication=false)
2024-05-22T07:05:18.019+03:00  INFO 13844 --- [ServiceRegis] [Eureka-EvictionTimer] c.n.e.registry.AbstractInstanceRegistry  : Running the evict task with compensationTime 0ms
2024-05-22T07:06:18.020+03:00  INFO 13844 --- [ServiceRegis] [Eureka-EvictionTimer] c.n.e.registry.AbstractInstanceRegistry  : Running the evict task with compensationTime 0ms
2024-05-22T07:06:48.800+03:00  INFO 12812 --- [postServiceconfig] [AsyncResolver-bootstrap-executor-0] c.n.d.s.r.aws.ConfigClusterResolver      : Resolving eureka endpoints via configuration
2024-05-22T07:07:17.788+03:00  WARN 13844 --- [ServiceRegis] [Eureka-PeerNodesUpdater] c.n.eureka.cluster.PeerEurekaNodes       : The replica size seems to be empty. Check the route 53 DNS Registry
2024-05-22T07:07:18.020+03:00  INFO 13844 --- [ServiceRegis] [Eureka-EvictionTimer] c.n.e.registry.AbstractInstanceRegistry  : Running the evict task with compensationTime 0ms
2024-05-22T07:07:18.715+03:00  INFO 8680 --- [userserviceconfig] [AsyncResolver-bootstrap-executor-0] c.n.d.s.r.aws.ConfigClusterResolver      : Resolving eureka endpoints via configuration
2024-05-22T07:08:18.021+03:00  INFO 13844 --- [ServiceRegis] [Eureka-EvictionTimer] c.n.e.registry.AbstractInstanceRegistry  : Running the evict task with compensationTime 0ms
2024-05-22T07:09:18.022+03:00  INFO 13844 --- [ServiceRegis] [Eureka-EvictionTimer] c.n.e.registry.AbstractInstanceRegistry  : Running the evict task with compensationTime 0ms
2024-05-22T07:10:18.022+03:00  INFO 13844 --- [ServiceRegis] [Eureka-EvictionTimer] c.n.e.registry.AbstractInstanceRegistry  : Running the evict task with compensationTime 0ms
2024-05-22T07:11:18.022+03:00  INFO 13844 --- [ServiceRegis] [Eureka-EvictionTimer] c.n.e.registry.AbstractInstanceRegistry  : Running the evict task with compensationTime 0ms
2024-05-22T07:11:47.505+03:00 ERROR 12812 --- [postServiceconfig] [http-nio-8082-exec-7] c.e.PostServicee.Service.PostService     : [31m com.example.PostServicee.Exceptions.NotAuthorizedException: You aren not allowed to delete this post. [0m
2024-05-22T07:11:48.814+03:00  INFO 12812 --- [postServiceconfig] [AsyncResolver-bootstrap-executor-0] c.n.d.s.r.aws.ConfigClusterResolver      : Resolving eureka endpoints via configuration
2024-05-22T07:12:17.836+03:00  INFO 13844 --- [ServiceRegis] [ReplicaAwareInstanceRegistry - RenewalThresholdUpdater] c.n.e.r.PeerAwareInstanceRegistryImpl    : Current renewal threshold is : 8
2024-05-22T07:12:18.023+03:00  INFO 13844 --- [ServiceRegis] [Eureka-EvictionTimer] c.n.e.registry.AbstractInstanceRegistry  : Running the evict task with compensationTime 0ms
2024-05-22T07:12:18.732+03:00  INFO 8680 --- [userserviceconfig] [AsyncResolver-bootstrap-executor-0] c.n.d.s.r.aws.ConfigClusterResolver      : Resolving eureka endpoints via configuration
2024-05-22T07:13:18.024+03:00  INFO 13844 --- [ServiceRegis] [Eureka-EvictionTimer] c.n.e.registry.AbstractInstanceRegistry  : Running the evict task with compensationTime 1ms
2024-05-22T07:14:18.024+03:00  INFO 13844 --- [ServiceRegis] [Eureka-EvictionTimer] c.n.e.registry.AbstractInstanceRegistry  : Running the evict task with compensationTime 0ms
2024-05-22T07:15:18.025+03:00  INFO 13844 --- [ServiceRegis] [Eureka-EvictionTimer] c.n.e.registry.AbstractInstanceRegistry  : Running the evict task with compensationTime 0ms
2024-05-22T07:16:18.025+03:00  INFO 13844 --- [ServiceRegis] [Eureka-EvictionTimer] c.n.e.registry.AbstractInstanceRegistry  : Running the evict task with compensationTime 0ms
2024-05-22T07:16:48.817+03:00  INFO 12812 --- [postServiceconfig] [AsyncResolver-bootstrap-executor-0] c.n.d.s.r.aws.ConfigClusterResolver      : Resolving eureka endpoints via configuration
2024-05-22T07:17:17.790+03:00  WARN 13844 --- [ServiceRegis] [Eureka-PeerNodesUpdater] c.n.eureka.cluster.PeerEurekaNodes       : The replica size seems to be empty. Check the route 53 DNS Registry
2024-05-22T07:17:18.026+03:00  INFO 13844 --- [ServiceRegis] [Eureka-EvictionTimer] c.n.e.registry.AbstractInstanceRegistry  : Running the evict task with compensationTime 0ms
2024-05-22T07:17:18.745+03:00  INFO 8680 --- [userserviceconfig] [AsyncResolver-bootstrap-executor-0] c.n.d.s.r.aws.ConfigClusterResolver      : Resolving eureka endpoints via configuration
2024-05-22T07:17:52.707+03:00  INFO 12812 --- [postServiceconfig] [http-nio-8082-exec-3] c.e.PostServicee.Service.PostService     : [33m  POST WITH THE ID 853 does not have any comments yet. [0m
2024-05-22T07:18:18.027+03:00  INFO 13844 --- [ServiceRegis] [Eureka-EvictionTimer] c.n.e.registry.AbstractInstanceRegistry  : Running the evict task with compensationTime 1ms
2024-05-22T07:18:44.746+03:00  INFO 8680 --- [userserviceconfig] [http-nio-8080-exec-9] c.e.UserService.Service.DataService      : Unfollowed user with username Ahmed1
2024-05-22T07:18:57.315+03:00  INFO 8680 --- [userserviceconfig] [http-nio-8080-exec-3] c.e.UserService.Service.DataService      : User with username Ahmed2 followed user with username Ahmed1
2024-05-22T07:19:15.612+03:00  INFO 8680 --- [userserviceconfig] [http-nio-8080-exec-6] c.e.UserService.Service.DataService      : Unfollowed user with username Ahmed1
2024-05-22T07:19:18.027+03:00  INFO 13844 --- [ServiceRegis] [Eureka-EvictionTimer] c.n.e.registry.AbstractInstanceRegistry  : Running the evict task with compensationTime 0ms
2024-05-22T07:19:34.595+03:00  INFO 8680 --- [userserviceconfig] [http-nio-8080-exec-7] c.e.UserService.Service.DataService      : User with username Ahmed2 followed user with username Ahmed1
2024-05-22T07:19:45.337+03:00  INFO 8680 --- [userserviceconfig] [http-nio-8080-exec-2] c.e.UserService.Service.DataService      : Deleted User Ahmed2
2024-05-22T07:20:18.028+03:00  INFO 13844 --- [ServiceRegis] [Eureka-EvictionTimer] c.n.e.registry.AbstractInstanceRegistry  : Running the evict task with compensationTime 0ms
2024-05-22T07:21:18.028+03:00  INFO 13844 --- [ServiceRegis] [Eureka-EvictionTimer] c.n.e.registry.AbstractInstanceRegistry  : Running the evict task with compensationTime 0ms
2024-05-22T07:21:27.356+03:00  INFO 8680 --- [userserviceconfig] [http-nio-8080-exec-4] c.e.UserService.Service.DataService      : Deleted User Ahmed2
2024-05-22T07:21:48.831+03:00  INFO 12812 --- [postServiceconfig] [AsyncResolver-bootstrap-executor-0] c.n.d.s.r.aws.ConfigClusterResolver      : Resolving eureka endpoints via configuration
2024-05-22T07:22:18.028+03:00  INFO 13844 --- [ServiceRegis] [Eureka-EvictionTimer] c.n.e.registry.AbstractInstanceRegistry  : Running the evict task with compensationTime 0ms
2024-05-22T07:22:18.761+03:00  INFO 8680 --- [userserviceconfig] [AsyncResolver-bootstrap-executor-0] c.n.d.s.r.aws.ConfigClusterResolver      : Resolving eureka endpoints via configuration
2024-05-22T07:23:18.028+03:00  INFO 13844 --- [ServiceRegis] [Eureka-EvictionTimer] c.n.e.registry.AbstractInstanceRegistry  : Running the evict task with compensationTime 0ms
2024-05-22T07:24:18.028+03:00  INFO 13844 --- [ServiceRegis] [Eureka-EvictionTimer] c.n.e.registry.AbstractInstanceRegistry  : Running the evict task with compensationTime 0ms
2024-05-22T07:25:18.029+03:00  INFO 13844 --- [ServiceRegis] [Eureka-EvictionTimer] c.n.e.registry.AbstractInstanceRegistry  : Running the evict task with compensationTime 0ms
2024-05-22T07:26:18.030+03:00  INFO 13844 --- [ServiceRegis] [Eureka-EvictionTimer] c.n.e.registry.AbstractInstanceRegistry  : Running the evict task with compensationTime 1ms
2024-05-22T07:26:48.840+03:00  INFO 12812 --- [postServiceconfig] [AsyncResolver-bootstrap-executor-0] c.n.d.s.r.aws.ConfigClusterResolver      : Resolving eureka endpoints via configuration
2024-05-22T07:27:17.792+03:00  WARN 13844 --- [ServiceRegis] [Eureka-PeerNodesUpdater] c.n.eureka.cluster.PeerEurekaNodes       : The replica size seems to be empty. Check the route 53 DNS Registry
2024-05-22T07:27:17.836+03:00  INFO 13844 --- [ServiceRegis] [ReplicaAwareInstanceRegistry - RenewalThresholdUpdater] c.n.e.r.PeerAwareInstanceRegistryImpl    : Current renewal threshold is : 8
2024-05-22T07:27:18.030+03:00  INFO 13844 --- [ServiceRegis] [Eureka-EvictionTimer] c.n.e.registry.AbstractInstanceRegistry  : Running the evict task with compensationTime 0ms
2024-05-22T07:27:18.767+03:00  INFO 8680 --- [userserviceconfig] [AsyncResolver-bootstrap-executor-0] c.n.d.s.r.aws.ConfigClusterResolver      : Resolving eureka endpoints via configuration
2024-05-22T07:28:18.031+03:00  INFO 13844 --- [ServiceRegis] [Eureka-EvictionTimer] c.n.e.registry.AbstractInstanceRegistry  : Running the evict task with compensationTime 1ms
2024-05-22T07:29:18.032+03:00  INFO 13844 --- [ServiceRegis] [Eureka-EvictionTimer] c.n.e.registry.AbstractInstanceRegistry  : Running the evict task with compensationTime 0ms
2024-05-22T07:29:25.281+03:00  INFO 13844 --- [ServiceRegis] [http-nio-8761-exec-8] c.n.e.registry.AbstractInstanceRegistry  : Registered instance LIKCOMMENTCONFIG/host.docker.internal:likcommentconfig:8085 with status DOWN (replication=false)
2024-05-22T07:30:18.032+03:00  INFO 13844 --- [ServiceRegis] [Eureka-EvictionTimer] c.n.e.registry.AbstractInstanceRegistry  : Running the evict task with compensationTime 0ms
2024-05-22T07:31:18.033+03:00  INFO 13844 --- [ServiceRegis] [Eureka-EvictionTimer] c.n.e.registry.AbstractInstanceRegistry  : Running the evict task with compensationTime 0ms
2024-05-22T07:31:48.854+03:00  INFO 12812 --- [postServiceconfig] [AsyncResolver-bootstrap-executor-0] c.n.d.s.r.aws.ConfigClusterResolver      : Resolving eureka endpoints via configuration
2024-05-22T07:32:18.034+03:00  INFO 13844 --- [ServiceRegis] [Eureka-EvictionTimer] c.n.e.registry.AbstractInstanceRegistry  : Running the evict task with compensationTime 0ms
2024-05-22T07:32:18.773+03:00  INFO 8680 --- [userserviceconfig] [AsyncResolver-bootstrap-executor-0] c.n.d.s.r.aws.ConfigClusterResolver      : Resolving eureka endpoints via configuration
2024-05-22T07:33:18.034+03:00  INFO 13844 --- [ServiceRegis] [Eureka-EvictionTimer] c.n.e.registry.AbstractInstanceRegistry  : Running the evict task with compensationTime 0ms
2024-05-22T07:33:40.651+03:00  INFO 13844 --- [ServiceRegis] [http-nio-8761-exec-6] c.n.e.registry.AbstractInstanceRegistry  : Registered instance LIKCOMMENTCONFIG/host.docker.internal:likcommentconfig:8085 with status UP (replication=false)
2024-05-22T07:34:18.035+03:00  INFO 13844 --- [ServiceRegis] [Eureka-EvictionTimer] c.n.e.registry.AbstractInstanceRegistry  : Running the evict task with compensationTime 0ms
2024-05-22T07:34:37.486+03:00  INFO 8680 --- [userserviceconfig] [http-nio-8080-exec-8] c.e.UserService.Service.DataService      : Deleted User Ahmed2
2024-05-22T07:34:47.405+03:00 ERROR 8680 --- [userserviceconfig] [http-nio-8080-exec-9] c.e.UserService.Service.DataService      : [31m org.springframework.security.authentication.BadCredentialsException: Bad credentials [0m
2024-05-22T07:35:14.440+03:00  INFO 8680 --- [userserviceconfig] [http-nio-8080-exec-7] c.e.UserService.Service.DataService      : Deleted User Ahmed2
2024-05-22T07:35:18.036+03:00  INFO 13844 --- [ServiceRegis] [Eureka-EvictionTimer] c.n.e.registry.AbstractInstanceRegistry  : Running the evict task with compensationTime 0ms
2024-05-22T07:36:18.036+03:00  INFO 13844 --- [ServiceRegis] [Eureka-EvictionTimer] c.n.e.registry.AbstractInstanceRegistry  : Running the evict task with compensationTime 0ms
2024-05-22T07:36:26.698+03:00  INFO 11324 --- [postServiceconfig] [main] c.e.P.PostServiceeApplication            : Starting PostServiceeApplication using Java 17.0.11 with PID 11324 (C:\Users\Bashoofak\Desktop\final1\PostServicee\target\classes started by Bashoofak in C:\Users\Bashoofak\Desktop\final1)
2024-05-22T07:36:26.706+03:00  INFO 11324 --- [postServiceconfig] [main] c.e.P.PostServiceeApplication            : No active profile set, falling back to 1 default profile: "default"
2024-05-22T07:36:29.034+03:00  INFO 11324 --- [postServiceconfig] [main] .s.d.r.c.RepositoryConfigurationDelegate : Bootstrapping Spring Data JPA repositories in DEFAULT mode.
2024-05-22T07:36:29.335+03:00  INFO 11324 --- [postServiceconfig] [main] .s.d.r.c.RepositoryConfigurationDelegate : Finished Spring Data repository scanning in 274 ms. Found 1 JPA repository interface.
2024-05-22T07:36:29.857+03:00  INFO 11324 --- [postServiceconfig] [main] o.s.cloud.context.scope.GenericScope     : BeanFactory id=da2a728d-e292-3fdb-8421-b54e82e118ea
2024-05-22T07:36:30.376+03:00  WARN 11324 --- [postServiceconfig] [main] trationDelegate$BeanPostProcessorChecker : Bean 'org.springframework.cloud.client.loadbalancer.LoadBalancerAutoConfiguration$DeferringLoadBalancerInterceptorConfig' of type [org.springframework.cloud.client.loadbalancer.LoadBalancerAutoConfiguration$DeferringLoadBalancerInterceptorConfig] is not eligible for getting processed by all BeanPostProcessors (for example: not eligible for auto-proxying). The currently created BeanPostProcessor [lbRestClientPostProcessor] is declared through a non-static factory method on that class; consider declaring it as static instead.
2024-05-22T07:36:30.385+03:00  WARN 11324 --- [postServiceconfig] [main] trationDelegate$BeanPostProcessorChecker : Bean 'deferringLoadBalancerInterceptor' of type [org.springframework.cloud.client.loadbalancer.DeferringLoadBalancerInterceptor] is not eligible for getting processed by all BeanPostProcessors (for example: not eligible for auto-proxying). Is this bean getting eagerly injected into a currently created BeanPostProcessor [lbRestClientPostProcessor]? Check the corresponding BeanPostProcessor declaration and its dependencies.
2024-05-22T07:36:30.984+03:00  INFO 11324 --- [postServiceconfig] [main] o.s.b.w.embedded.tomcat.TomcatWebServer  : Tomcat initialized with port 8082 (http)
2024-05-22T07:36:31.023+03:00  INFO 11324 --- [postServiceconfig] [main] o.apache.catalina.core.StandardService   : Starting service [Tomcat]
2024-05-22T07:36:31.026+03:00  INFO 11324 --- [postServiceconfig] [main] o.apache.catalina.core.StandardEngine    : Starting Servlet engine: [Apache Tomcat/10.1.20]
2024-05-22T07:36:31.383+03:00  INFO 11324 --- [postServiceconfig] [main] o.a.c.c.C.[Tomcat].[localhost].[/]       : Initializing Spring embedded WebApplicationContext
2024-05-22T07:36:31.385+03:00  INFO 11324 --- [postServiceconfig] [main] w.s.c.ServletWebServerApplicationContext : Root WebApplicationContext: initialization completed in 4575 ms
2024-05-22T07:36:31.963+03:00  INFO 11324 --- [postServiceconfig] [main] o.hibernate.jpa.internal.util.LogHelper  : HHH000204: Processing PersistenceUnitInfo [name: default]
2024-05-22T07:36:32.065+03:00  INFO 11324 --- [postServiceconfig] [main] org.hibernate.Version                    : HHH000412: Hibernate ORM core version 6.4.4.Final
2024-05-22T07:36:32.132+03:00  INFO 11324 --- [postServiceconfig] [main] o.h.c.internal.RegionFactoryInitiator    : HHH000026: Second-level cache disabled
2024-05-22T07:36:32.506+03:00  INFO 11324 --- [postServiceconfig] [main] o.s.o.j.p.SpringPersistenceUnitInfo      : No LoadTimeWeaver setup: ignoring JPA class transformer
2024-05-22T07:36:32.559+03:00  INFO 11324 --- [postServiceconfig] [main] com.zaxxer.hikari.HikariDataSource       : HikariPool-1 - Starting...
2024-05-22T07:36:32.825+03:00  INFO 11324 --- [postServiceconfig] [main] com.zaxxer.hikari.pool.HikariPool        : HikariPool-1 - Added connection com.mysql.cj.jdbc.ConnectionImpl@4c0930c4
2024-05-22T07:36:32.830+03:00  INFO 11324 --- [postServiceconfig] [main] com.zaxxer.hikari.HikariDataSource       : HikariPool-1 - Start completed.
2024-05-22T07:36:32.955+03:00  WARN 11324 --- [postServiceconfig] [main] org.hibernate.dialect.Dialect            : HHH000511: The 5.5.0 version for [org.hibernate.dialect.MySQLDialect] is no longer supported, hence certain features may not work properly. The minimum supported version is 8.0.0. Check the community dialects project for available legacy versions.
2024-05-22T07:36:34.354+03:00  INFO 11324 --- [postServiceconfig] [main] o.h.e.t.j.p.i.JtaPlatformInitiator       : HHH000489: No JTA platform available (set 'hibernate.transaction.jta.platform' to enable JTA platform integration)
2024-05-22T07:36:34.410+03:00  INFO 11324 --- [postServiceconfig] [main] j.LocalContainerEntityManagerFactoryBean : Initialized JPA EntityManagerFactory for persistence unit 'default'
2024-05-22T07:36:35.418+03:00  WARN 11324 --- [postServiceconfig] [main] JpaBaseConfiguration$JpaWebConfiguration : spring.jpa.open-in-view is enabled by default. Therefore, database queries may be performed during view rendering. Explicitly configure spring.jpa.open-in-view to disable this warning
2024-05-22T07:36:36.278+03:00  INFO 11324 --- [postServiceconfig] [main] o.s.c.openfeign.FeignClientFactoryBean   : For 'LIKCOMMENTCONFIG' URL not provided. Will try picking an instance via load-balancing.
2024-05-22T07:36:38.820+03:00  INFO 11324 --- [postServiceconfig] [main] DiscoveryClientOptionalArgsConfiguration : Eureka HTTP Client uses RestTemplate.
2024-05-22T07:36:38.929+03:00  WARN 11324 --- [postServiceconfig] [main] iguration$LoadBalancerCaffeineWarnLogger : Spring Cloud LoadBalancer is currently working with the default cache. While this cache implementation is useful for development and tests, it's recommended to use Caffeine cache in production.You can switch to using Caffeine cache, by adding it and org.springframework.cache.caffeine.CaffeineCacheManager to the classpath.
2024-05-22T07:36:38.994+03:00  INFO 11324 --- [postServiceconfig] [main] o.s.b.a.e.web.EndpointLinksResolver      : Exposing 1 endpoint(s) beneath base path '/actuator'
2024-05-22T07:36:39.281+03:00  INFO 11324 --- [postServiceconfig] [main] o.s.c.n.eureka.InstanceInfoFactory       : Setting initial instance status as: STARTING
2024-05-22T07:36:39.393+03:00  INFO 11324 --- [postServiceconfig] [main] com.netflix.discovery.DiscoveryClient    : Initializing Eureka in region us-east-1
2024-05-22T07:36:39.406+03:00  INFO 11324 --- [postServiceconfig] [main] c.n.d.s.r.aws.ConfigClusterResolver      : Resolving eureka endpoints via configuration
2024-05-22T07:36:39.484+03:00  INFO 11324 --- [postServiceconfig] [main] com.netflix.discovery.DiscoveryClient    : Disable delta property : false
2024-05-22T07:36:39.485+03:00  INFO 11324 --- [postServiceconfig] [main] com.netflix.discovery.DiscoveryClient    : Single vip registry refresh property : null
2024-05-22T07:36:39.486+03:00  INFO 11324 --- [postServiceconfig] [main] com.netflix.discovery.DiscoveryClient    : Force full registry fetch : false
2024-05-22T07:36:39.487+03:00  INFO 11324 --- [postServiceconfig] [main] com.netflix.discovery.DiscoveryClient    : Application is null : false
2024-05-22T07:36:39.488+03:00  INFO 11324 --- [postServiceconfig] [main] com.netflix.discovery.DiscoveryClient    : Registered Applications size is zero : true
2024-05-22T07:36:39.489+03:00  INFO 11324 --- [postServiceconfig] [main] com.netflix.discovery.DiscoveryClient    : Application version is -1: true
2024-05-22T07:36:39.489+03:00  INFO 11324 --- [postServiceconfig] [main] com.netflix.discovery.DiscoveryClient    : Getting all instance registry info from the eureka server
2024-05-22T07:36:40.304+03:00  INFO 11324 --- [postServiceconfig] [main] com.netflix.discovery.DiscoveryClient    : The response status is 200
2024-05-22T07:36:40.310+03:00  INFO 11324 --- [postServiceconfig] [main] com.netflix.discovery.DiscoveryClient    : Starting heartbeat executor: renew interval is: 30
2024-05-22T07:36:40.315+03:00  INFO 11324 --- [postServiceconfig] [main] c.n.discovery.InstanceInfoReplicator     : InstanceInfoReplicator onDemand update allowed rate per min is 4
2024-05-22T07:36:40.326+03:00  INFO 11324 --- [postServiceconfig] [main] com.netflix.discovery.DiscoveryClient    : Discovery Client initialized at timestamp 1716352600325 with initial instances count: 4
2024-05-22T07:36:40.341+03:00  INFO 11324 --- [postServiceconfig] [main] o.s.c.n.e.s.EurekaServiceRegistry        : Registering application POSTSERVICECONFIG with eureka with status UP
2024-05-22T07:36:40.342+03:00  INFO 11324 --- [postServiceconfig] [main] com.netflix.discovery.DiscoveryClient    : Saw local status change event StatusChangeEvent [timestamp=1716352600342, current=UP, previous=STARTING]
2024-05-22T07:36:40.352+03:00  INFO 11324 --- [postServiceconfig] [DiscoveryClient-InstanceInfoReplicator-0] com.netflix.discovery.DiscoveryClient    : DiscoveryClient_POSTSERVICECONFIG/host.docker.internal:postServiceconfig:8082: registering service...
2024-05-22T07:36:40.404+03:00  INFO 11324 --- [postServiceconfig] [main] o.s.b.w.embedded.tomcat.TomcatWebServer  : Tomcat started on port 8082 (http) with context path ''
2024-05-22T07:36:40.407+03:00  INFO 11324 --- [postServiceconfig] [main] .s.c.n.e.s.EurekaAutoServiceRegistration : Updating port to 8082
2024-05-22T07:36:40.494+03:00  INFO 13844 --- [ServiceRegis] [http-nio-8761-exec-6] c.n.e.registry.AbstractInstanceRegistry  : Registered instance POSTSERVICECONFIG/host.docker.internal:postServiceconfig:8082 with status UP (replication=false)
2024-05-22T07:36:40.497+03:00  INFO 11324 --- [postServiceconfig] [DiscoveryClient-InstanceInfoReplicator-0] com.netflix.discovery.DiscoveryClient    : DiscoveryClient_POSTSERVICECONFIG/host.docker.internal:postServiceconfig:8082 - registration status: 204
2024-05-22T07:36:40.586+03:00  INFO 11324 --- [postServiceconfig] [RMI TCP Connection(2)-127.0.0.1] o.a.c.c.C.[Tomcat].[localhost].[/]       : Initializing Spring DispatcherServlet 'dispatcherServlet'
2024-05-22T07:36:40.588+03:00  INFO 11324 --- [postServiceconfig] [RMI TCP Connection(2)-127.0.0.1] o.s.web.servlet.DispatcherServlet        : Initializing Servlet 'dispatcherServlet'
2024-05-22T07:36:40.593+03:00  INFO 11324 --- [postServiceconfig] [RMI TCP Connection(2)-127.0.0.1] o.s.web.servlet.DispatcherServlet        : Completed initialization in 5 ms
2024-05-22T07:36:40.902+03:00  INFO 11324 --- [postServiceconfig] [main] c.e.P.PostServiceeApplication            : Started PostServiceeApplication in 15.007 seconds (process running for 15.721)
2024-05-22T07:36:46.557+03:00 ERROR 11324 --- [postServiceconfig] [http-nio-8082-exec-1] c.e.PostServicee.Service.PostService     : [31m feign.FeignException$BadRequest: [400] during [DELETE] to [http://LIKCOMMENTCONFIG/com_like/All] [like_comment_feign#deletePosts(deleteobj)]: [{"timestamp":"2024-05-22T04:36:46.499+00:00","status":400,"error":"Bad Request","trace":"org.springframework.web.bind.MissingRequestHeaderException: Required request header 'Username' for method param... (5932 bytes)] [0m
2024-05-22T07:36:46.613+03:00  INFO 8680 --- [userserviceconfig] [http-nio-8080-exec-10] c.e.UserService.Service.DataService      : Deleted User Ahmed2
2024-05-22T07:37:17.794+03:00  WARN 13844 --- [ServiceRegis] [Eureka-PeerNodesUpdater] c.n.eureka.cluster.PeerEurekaNodes       : The replica size seems to be empty. Check the route 53 DNS Registry
2024-05-22T07:37:18.037+03:00  INFO 13844 --- [ServiceRegis] [Eureka-EvictionTimer] c.n.e.registry.AbstractInstanceRegistry  : Running the evict task with compensationTime 0ms
2024-05-22T07:37:18.779+03:00  INFO 8680 --- [userserviceconfig] [AsyncResolver-bootstrap-executor-0] c.n.d.s.r.aws.ConfigClusterResolver      : Resolving eureka endpoints via configuration
2024-05-22T07:38:18.037+03:00  INFO 13844 --- [ServiceRegis] [Eureka-EvictionTimer] c.n.e.registry.AbstractInstanceRegistry  : Running the evict task with compensationTime 0ms
2024-05-22T07:39:18.038+03:00  INFO 13844 --- [ServiceRegis] [Eureka-EvictionTimer] c.n.e.registry.AbstractInstanceRegistry  : Running the evict task with compensationTime 0ms
2024-05-22T07:39:34.142+03:00  INFO 13844 --- [ServiceRegis] [http-nio-8761-exec-8] c.n.e.registry.AbstractInstanceRegistry  : Registered instance LIKCOMMENTCONFIG/host.docker.internal:likcommentconfig:8085 with status DOWN (replication=false)
2024-05-22T07:39:41.269+03:00  INFO 13844 --- [ServiceRegis] [http-nio-8761-exec-2] c.n.e.registry.AbstractInstanceRegistry  : Registered instance LIKCOMMENTCONFIG/host.docker.internal:likcommentconfig:8085 with status UP (replication=false)
2024-05-22T07:39:57.181+03:00 ERROR 11324 --- [postServiceconfig] [http-nio-8082-exec-3] c.e.PostServicee.Service.PostService     : [31m feign.FeignException$InternalServerError: [500] during [DELETE] to [http://LIKCOMMENTCONFIG/com_like/All] [like_comment_feign#deletePosts(deleteobj)]: [{"timestamp":"2024-05-22T04:39:57.178+00:00","status":500,"error":"Internal Server Error","trace":"java.lang.Error: Unresolved compilation problem: \n\tThe method getUsername() is undefined for the ty... (5849 bytes)] [0m
2024-05-22T07:39:57.950+03:00  INFO 8680 --- [userserviceconfig] [http-nio-8080-exec-1] c.e.UserService.Service.DataService      : Deleted User Ahmed2
2024-05-22T07:40:18.039+03:00  INFO 13844 --- [ServiceRegis] [Eureka-EvictionTimer] c.n.e.registry.AbstractInstanceRegistry  : Running the evict task with compensationTime 0ms
2024-05-22T07:40:39.772+03:00  INFO 13844 --- [ServiceRegis] [http-nio-8761-exec-8] c.n.e.registry.AbstractInstanceRegistry  : Registered instance LIKCOMMENTCONFIG/host.docker.internal:likcommentconfig:8085 with status DOWN (replication=false)
2024-05-22T07:40:47.643+03:00  INFO 13844 --- [ServiceRegis] [http-nio-8761-exec-4] c.n.e.registry.AbstractInstanceRegistry  : Registered instance LIKCOMMENTCONFIG/host.docker.internal:likcommentconfig:8085 with status UP (replication=false)
2024-05-22T07:41:18.039+03:00  INFO 13844 --- [ServiceRegis] [Eureka-EvictionTimer] c.n.e.registry.AbstractInstanceRegistry  : Running the evict task with compensationTime 0ms
2024-05-22T07:41:27.382+03:00  INFO 8680 --- [userserviceconfig] [http-nio-8080-exec-9] c.e.UserService.Service.DataService      : Deleted User Ahmed2
2024-05-22T07:41:39.500+03:00  INFO 11324 --- [postServiceconfig] [AsyncResolver-bootstrap-executor-0] c.n.d.s.r.aws.ConfigClusterResolver      : Resolving eureka endpoints via configuration
2024-05-22T07:41:52.518+03:00  INFO 8680 --- [userserviceconfig] [DiscoveryClient-CacheRefreshExecutor-0] o.a.h.c.h.i.c.HttpRequestRetryExec       : Recoverable I/O exception (java.net.SocketException) caught when processing request to {}->http://localhost:8761
